<?xml version="1.0" encoding="UTF-8"?>
<testng-results ignored="0" total="5" passed="5" failed="0" skipped="0">
  <reporter-output>
  </reporter-output>
  <suite started-at="2021-03-18T13:44:43 IST" name="Default suite" finished-at="2021-03-18T13:45:50 IST" duration-ms="67220">
    <groups>
    </groups>
    <test started-at="2021-03-18T13:44:43 IST" name="Default test" finished-at="2021-03-18T13:45:50 IST" duration-ms="67220">
      <class name="tests.TestNG">
        <test-method signature="getDriver()[pri:0, instance:tests.TestNG@fd07cbb]" started-at="2021-03-18T13:44:43 IST" name="getDriver" finished-at="2021-03-18T13:44:56 IST" duration-ms="12492" status="PASS">
          <reporter-output>
          </reporter-output>
        </test-method> <!-- getDriver -->
        <test-method signature="getGoogleSignIn()[pri:0, instance:tests.TestNG@fd07cbb]" started-at="2021-03-18T13:44:56 IST" name="getGoogleSignIn" finished-at="2021-03-18T13:45:25 IST" depends-on-methods="tests.TestNG.getDriver" duration-ms="28863" status="PASS">
          <reporter-output>
          </reporter-output>
        </test-method> <!-- getGoogleSignIn -->
        <test-method signature="getPopularUsedCars()[pri:0, instance:tests.TestNG@fd07cbb]" started-at="2021-03-18T13:45:25 IST" name="getPopularUsedCars" finished-at="2021-03-18T13:45:31 IST" depends-on-methods="tests.TestNG.getGoogleSignIn" duration-ms="6642" status="PASS">
          <reporter-output>
          </reporter-output>
        </test-method> <!-- getPopularUsedCars -->
        <test-method signature="getUpcomingBikes()[pri:0, instance:tests.TestNG@fd07cbb]" started-at="2021-03-18T13:45:31 IST" name="getUpcomingBikes" finished-at="2021-03-18T13:45:43 IST" depends-on-methods="tests.TestNG.getPopularUsedCars" duration-ms="11661" status="PASS">
          <reporter-output>
          </reporter-output>
        </test-method> <!-- getUpcomingBikes -->
        <test-method signature="closeApplication()[pri:0, instance:tests.TestNG@fd07cbb]" started-at="2021-03-18T13:45:43 IST" name="closeApplication" finished-at="2021-03-18T13:45:50 IST" depends-on-methods="tests.TestNG.getUpcomingBikes" duration-ms="7448" status="PASS">
          <reporter-output>
          </reporter-output>
        </test-method> <!-- closeApplication -->
      </class> <!-- tests.TestNG -->
    </test> <!-- Default test -->
  </suite> <!-- Default suite -->
</testng-results>
